<?xml version="1.0" encoding="UTF-8"?>
<testng-results ignored="0" total="1" passed="1" failed="0" skipped="0">
  <reporter-output>
  </reporter-output>
  <suite started-at="2021-07-11T19:28:35 IST" name="Default suite" finished-at="2021-07-11T19:28:45 IST" duration-ms="9899">
    <groups>
    </groups>
    <test started-at="2021-07-11T19:28:35 IST" name="Default test" finished-at="2021-07-11T19:28:45 IST" duration-ms="9899">
      <class name="testng.Subscription">
        <test-method is-config="true" signature="launchApplication()[pri:0, instance:testng.Subscription@25084a1e]" started-at="2021-07-11T19:28:35 IST" name="launchApplication" finished-at="2021-07-11T19:28:40 IST" duration-ms="5466" status="PASS">
          <reporter-output>
          </reporter-output>
        </test-method> <!-- launchApplication -->
        <test-method signature="getSubscription()[pri:0, instance:testng.Subscription@25084a1e]" started-at="2021-07-11T19:28:40 IST" name="getSubscription" finished-at="2021-07-11T19:28:45 IST" duration-ms="4208" status="PASS">
          <reporter-output>
          </reporter-output>
        </test-method> <!-- getSubscription -->
        <test-method is-config="true" signature="closeBrowser()[pri:0, instance:testng.Subscription@25084a1e]" started-at="2021-07-11T19:28:45 IST" name="closeBrowser" finished-at="2021-07-11T19:28:45 IST" duration-ms="194" status="PASS">
          <reporter-output>
          </reporter-output>
        </test-method> <!-- closeBrowser -->
      </class> <!-- testng.Subscription -->
    </test> <!-- Default test -->
  </suite> <!-- Default suite -->
</testng-results>
